<?xml version="1.0" encoding="UTF-8"?>
<testng-results ignored="0" total="1" passed="1" failed="0" skipped="0">
  <reporter-output>
  </reporter-output>
  <suite started-at="2021-02-17T08:07:37Z" name="Default suite" finished-at="2021-02-17T08:08:00Z" duration-ms="22468">
    <groups>
    </groups>
    <test started-at="2021-02-17T08:07:37Z" name="Default test" finished-at="2021-02-17T08:08:00Z" duration-ms="22468">
      <class name="MyTest.VerifyLogintestpagefactory">
        <test-method signature="logintest()[pri:0, instance:MyTest.VerifyLogintestpagefactory@5b0abc94]" started-at="2021-02-17T08:07:38Z" name="logintest" finished-at="2021-02-17T08:08:00Z" duration-ms="22386" status="PASS">
          <reporter-output>
          </reporter-output>
        </test-method> <!-- logintest -->
      </class> <!-- MyTest.VerifyLogintestpagefactory -->
    </test> <!-- Default test -->
  </suite> <!-- Default suite -->
</testng-results>
