<?xml version="1.0" encoding="UTF-8"?>
<!-- Generated by org.testng.reporters.JUnitXMLReporter -->
<testsuite ignored="4" hostname="DESKTOP-SQMA1VG" failures="0" tests="4" name="Test" time="0.314" errors="0" timestamp="17 Feb 2021 05:50:59 GMT">
  <testcase classname="groupsdemo.TestGroup1" name="Test1" time="0.035"/>
  <testcase classname="groupsdemo.TestGroup1" name="Test2" time="0.003"/>
  <testcase classname="groupsdemo.TestGroup1" name="Test3" time="0.003"/>
  <testcase classname="groupsdemo.TestGroup2" name="Test8" time="0.007"/>
  <testcase classname="groupsdemo.TestGroup1" name="Test4" time="0.0">
    <ignored/>
  </testcase> <!-- Test4 -->
  <testcase classname="groupsdemo.TestGroup2" name="Test7" time="0.0">
    <ignored/>
  </testcase> <!-- Test7 -->
  <testcase classname="groupsdemo.TestGroup2" name="Test6" time="0.0">
    <ignored/>
  </testcase> <!-- Test6 -->
  <testcase classname="groupsdemo.TestGroup2" name="Test5" time="0.0">
    <ignored/>
  </testcase> <!-- Test5 -->
</testsuite> <!-- Test -->
